This file contains any messages produced by compilers while
running configure, to aid debugging if configure makes a mistake.

It was created by rhdf5 configure 2.19.6, which was
generated by GNU Autoconf 2.69.  Invocation command line was

  $ ./configure 

## --------- ##
## Platform. ##
## --------- ##

hostname = c02sggw4g8wp.roswellpark.org
uname -m = x86_64
uname -r = 15.6.0
uname -s = Darwin
uname -v = Darwin Kernel Version 15.6.0: Mon Nov 13 21:58:35 PST 2017; root:xnu-3248.72.11~1/RELEASE_X86_64

/usr/bin/uname -p = i386
/bin/uname -X     = unknown

/bin/arch              = unknown
/usr/bin/arch -k       = unknown
/usr/convex/getsysinfo = unknown
/usr/bin/hostinfo      = Mach kernel version:
	 Darwin Kernel Version 15.6.0: Mon Nov 13 21:58:35 PST 2017; root:xnu-3248.72.11~1/RELEASE_X86_64
Kernel configured for up to 8 processors.
4 processors are physically available.
8 processors are logically available.
Processor type: x86_64h (Intel x86-64h Haswell)
Processors active: 0 1 2 3 4 5 6 7
Primary memory available: 16.00 gigabytes
Default processor set: 303 tasks, 1660 threads, 8 processors
Load average: 4.59, Mach factor: 3.53
/bin/machine           = unknown
/usr/bin/oslevel       = unknown
/bin/universe          = unknown

PATH: /Users/da42327_ca/.rvm/gems/ruby-2.4.2/bin
PATH: /Users/da42327_ca/.rvm/gems/ruby-2.4.2@global/bin
PATH: /Users/da42327_ca/.rvm/rubies/ruby-2.4.2/bin
PATH: /System/Library/Framworks
PATH: /usr/local/opt/openssl/bin
PATH: /Users/da42327_ca/bin
PATH: /usr/local/bin
PATH: /usr/local/bin
PATH: /usr/bin
PATH: /bin
PATH: /usr/sbin
PATH: /sbin
PATH: /opt/X11/bin
PATH: /Library/Frameworks/Mono.framework/Versions/Current/Commands
PATH: /Library/TeX/texbin
PATH: /Users/da42327_ca/.rvm/gems/ruby-2.4.2/bin
PATH: /Users/da42327_ca/.rvm/gems/ruby-2.4.2@global/bin
PATH: /Users/da42327_ca/.rvm/rubies/ruby-2.4.2/bin
PATH: /System/Library/Framworks
PATH: /usr/local/opt/openssl/bin
PATH: /Users/da42327_ca/bin
PATH: /Users/da42327_ca/.rvm/bin
PATH: /Users/da42327_ca/.rvm/bin


## ----------- ##
## Core tests. ##
## ----------- ##

configure:1850: checking for gcc
configure:1877: result: /Applications/Xcode.app/Contents/Developer/Toolchains/XcodeDefault.xctoolchain/usr/bin/clang
configure:2106: checking for C compiler version
configure:2115: /Applications/Xcode.app/Contents/Developer/Toolchains/XcodeDefault.xctoolchain/usr/bin/clang --version >&5
Apple LLVM version 8.0.0 (clang-800.0.38)
Target: x86_64-apple-darwin15.6.0
Thread model: posix
InstalledDir: /Applications/Xcode.app/Contents/Developer/Toolchains/XcodeDefault.xctoolchain/usr/bin
configure:2126: $? = 0
configure:2115: /Applications/Xcode.app/Contents/Developer/Toolchains/XcodeDefault.xctoolchain/usr/bin/clang -v >&5
Apple LLVM version 8.0.0 (clang-800.0.38)
Target: x86_64-apple-darwin15.6.0
Thread model: posix
InstalledDir: /Applications/Xcode.app/Contents/Developer/Toolchains/XcodeDefault.xctoolchain/usr/bin
configure:2126: $? = 0
configure:2115: /Applications/Xcode.app/Contents/Developer/Toolchains/XcodeDefault.xctoolchain/usr/bin/clang -V >&5
clang: error: argument to '-V' is missing (expected 1 value)
clang: error: no input files
configure:2126: $? = 1
configure:2115: /Applications/Xcode.app/Contents/Developer/Toolchains/XcodeDefault.xctoolchain/usr/bin/clang -qversion >&5
clang: error: unknown argument: '-qversion'
clang: error: no input files
configure:2126: $? = 1
configure:2146: checking whether the C compiler works
configure:2168: /Applications/Xcode.app/Contents/Developer/Toolchains/XcodeDefault.xctoolchain/usr/bin/clang -Wall -Wextra -pedantic -O0 -ggdb   conftest.c  >&5
configure:2172: $? = 0
configure:2220: result: yes
configure:2223: checking for C compiler default output file name
configure:2225: result: a.out
configure:2231: checking for suffix of executables
configure:2238: /Applications/Xcode.app/Contents/Developer/Toolchains/XcodeDefault.xctoolchain/usr/bin/clang -o conftest -Wall -Wextra -pedantic -O0 -ggdb   conftest.c  >&5
configure:2242: $? = 0
configure:2264: result: 
configure:2286: checking whether we are cross compiling
configure:2294: /Applications/Xcode.app/Contents/Developer/Toolchains/XcodeDefault.xctoolchain/usr/bin/clang -o conftest -Wall -Wextra -pedantic -O0 -ggdb   conftest.c  >&5
configure:2298: $? = 0
configure:2305: ./conftest
configure:2309: $? = 0
configure:2324: result: no
configure:2329: checking for suffix of object files
configure:2351: /Applications/Xcode.app/Contents/Developer/Toolchains/XcodeDefault.xctoolchain/usr/bin/clang -c -Wall -Wextra -pedantic -O0 -ggdb  conftest.c >&5
configure:2355: $? = 0
configure:2376: result: o
configure:2380: checking whether we are using the GNU C compiler
configure:2399: /Applications/Xcode.app/Contents/Developer/Toolchains/XcodeDefault.xctoolchain/usr/bin/clang -c -Wall -Wextra -pedantic -O0 -ggdb  conftest.c >&5
configure:2399: $? = 0
configure:2408: result: yes
configure:2417: checking whether /Applications/Xcode.app/Contents/Developer/Toolchains/XcodeDefault.xctoolchain/usr/bin/clang accepts -g
configure:2437: /Applications/Xcode.app/Contents/Developer/Toolchains/XcodeDefault.xctoolchain/usr/bin/clang -c -g  conftest.c >&5
configure:2437: $? = 0
configure:2478: result: yes
configure:2495: checking for /Applications/Xcode.app/Contents/Developer/Toolchains/XcodeDefault.xctoolchain/usr/bin/clang option to accept ISO C89
configure:2558: /Applications/Xcode.app/Contents/Developer/Toolchains/XcodeDefault.xctoolchain/usr/bin/clang  -c -Wall -Wextra -pedantic -O0 -ggdb  conftest.c >&5
configure:2558: $? = 0
configure:2571: result: none needed
configure:2649: checking for g++
configure:2665: found /usr/bin/g++
configure:2676: result: g++
configure:2703: checking for C++ compiler version
configure:2712: g++ --version >&5
Apple LLVM version 8.0.0 (clang-800.0.38)
Target: x86_64-apple-darwin15.6.0
Thread model: posix
InstalledDir: /Applications/Xcode.app/Contents/Developer/Toolchains/XcodeDefault.xctoolchain/usr/bin
Configured with: --prefix=/Applications/Xcode.app/Contents/Developer/usr --with-gxx-include-dir=/usr/include/c++/4.2.1
configure:2723: $? = 0
configure:2712: g++ -v >&5
Configured with: --prefix=/Applications/Xcode.app/Contents/Developer/usr --with-gxx-include-dir=/usr/include/c++/4.2.1
Apple LLVM version 8.0.0 (clang-800.0.38)
Target: x86_64-apple-darwin15.6.0
Thread model: posix
InstalledDir: /Applications/Xcode.app/Contents/Developer/Toolchains/XcodeDefault.xctoolchain/usr/bin
configure:2723: $? = 0
configure:2712: g++ -V >&5
clang: error: argument to '-V' is missing (expected 1 value)
clang: error: no input files
configure:2723: $? = 1
configure:2712: g++ -qversion >&5
clang: error: unknown argument: '-qversion'
clang: error: no input files
configure:2723: $? = 1
configure:2727: checking whether we are using the GNU C++ compiler
configure:2746: g++ -c -Wall -Wextra -pedantic -O0 -ggdb  conftest.cpp >&5
configure:2746: $? = 0
configure:2755: result: yes
configure:2764: checking whether g++ accepts -g
configure:2784: g++ -c -g  conftest.cpp >&5
configure:2784: $? = 0
configure:2825: result: yes
configure:2869:    HDF5_INCLUDE=hdf5/src
configure:2874:    HDF5_LIB=hdf5/src/.libs/libhdf5ForBioC.a
configure:3028: creating ./config.status

## ---------------------- ##
## Running config.status. ##
## ---------------------- ##

This file was extended by rhdf5 config.status 2.19.6, which was
generated by GNU Autoconf 2.69.  Invocation command line was

  CONFIG_FILES    = 
  CONFIG_HEADERS  = 
  CONFIG_LINKS    = 
  CONFIG_COMMANDS = 
  $ ./config.status 

on c02sggw4g8wp.roswellpark.org

config.status:724: creating src/Makevars

## ---------------- ##
## Cache variables. ##
## ---------------- ##

ac_cv_c_compiler_gnu=yes
ac_cv_cxx_compiler_gnu=yes
ac_cv_env_CCC_set=
ac_cv_env_CCC_value=
ac_cv_env_CC_set=
ac_cv_env_CC_value=
ac_cv_env_CFLAGS_set=
ac_cv_env_CFLAGS_value=
ac_cv_env_CPPFLAGS_set=
ac_cv_env_CPPFLAGS_value=
ac_cv_env_CXXFLAGS_set=
ac_cv_env_CXXFLAGS_value=
ac_cv_env_CXX_set=
ac_cv_env_CXX_value=
ac_cv_env_LDFLAGS_set=
ac_cv_env_LDFLAGS_value=
ac_cv_env_LIBS_set=
ac_cv_env_LIBS_value=
ac_cv_env_build_alias_set=
ac_cv_env_build_alias_value=
ac_cv_env_host_alias_set=
ac_cv_env_host_alias_value=
ac_cv_env_target_alias_set=
ac_cv_env_target_alias_value=
ac_cv_objext=o
ac_cv_prog_ac_ct_CC=/Applications/Xcode.app/Contents/Developer/Toolchains/XcodeDefault.xctoolchain/usr/bin/clang
ac_cv_prog_ac_ct_CXX=g++
ac_cv_prog_cc_c89=
ac_cv_prog_cc_g=yes
ac_cv_prog_cxx_g=yes

## ----------------- ##
## Output variables. ##
## ----------------- ##

CC='/Applications/Xcode.app/Contents/Developer/Toolchains/XcodeDefault.xctoolchain/usr/bin/clang'
CFLAGS='-Wall -Wextra -pedantic -O0 -ggdb'
CPPFLAGS=''
CXX='g++'
CXXFLAGS='-Wall -Wextra -pedantic -O0 -ggdb'
DEFS='-DPACKAGE_NAME=\"rhdf5\" -DPACKAGE_TARNAME=\"rhdf5\" -DPACKAGE_VERSION=\"2.19.6\" -DPACKAGE_STRING=\"rhdf5\ 2.19.6\" -DPACKAGE_BUGREPORT=\"mike.smith@embl.de\" -DPACKAGE_URL=\"\"'
ECHO_C='\c'
ECHO_N=''
ECHO_T=''
EXEEXT=''
HDF5_INCLUDE='hdf5/src'
HDF5_LIB='hdf5/src/.libs/libhdf5ForBioC.a'
LDFLAGS=''
LIBOBJS=''
LIBS=''
LTLIBOBJS=''
OBJEXT='o'
PACKAGE_BUGREPORT='mike.smith@embl.de'
PACKAGE_NAME='rhdf5'
PACKAGE_STRING='rhdf5 2.19.6'
PACKAGE_TARNAME='rhdf5'
PACKAGE_URL=''
PACKAGE_VERSION='2.19.6'
PATH_SEPARATOR=':'
SHELL='/bin/sh'
ac_ct_CC='/Applications/Xcode.app/Contents/Developer/Toolchains/XcodeDefault.xctoolchain/usr/bin/clang'
ac_ct_CXX='g++'
bindir='${exec_prefix}/bin'
build_alias=''
datadir='${datarootdir}'
datarootdir='${prefix}/share'
docdir='${datarootdir}/doc/${PACKAGE_TARNAME}'
dvidir='${docdir}'
exec_prefix='${prefix}'
host_alias=''
htmldir='${docdir}'
includedir='${prefix}/include'
infodir='${datarootdir}/info'
libdir='${exec_prefix}/lib'
libexecdir='${exec_prefix}/libexec'
localedir='${datarootdir}/locale'
localstatedir='${prefix}/var'
mandir='${datarootdir}/man'
oldincludedir='/usr/include'
pdfdir='${docdir}'
prefix='/usr/local'
program_transform_name='s,x,x,'
psdir='${docdir}'
sbindir='${exec_prefix}/sbin'
sharedstatedir='${prefix}/com'
sysconfdir='${prefix}/etc'
target_alias=''

## ----------- ##
## confdefs.h. ##
## ----------- ##

/* confdefs.h */
#define PACKAGE_NAME "rhdf5"
#define PACKAGE_TARNAME "rhdf5"
#define PACKAGE_VERSION "2.19.6"
#define PACKAGE_STRING "rhdf5 2.19.6"
#define PACKAGE_BUGREPORT "mike.smith@embl.de"
#define PACKAGE_URL ""

configure: exit 0
